<?xml version="1.0" encoding="UTF-8"?>
<testng-results ignored="0" total="1" passed="1" failed="0" skipped="0">
  <reporter-output>
  </reporter-output>
  <suite started-at="2021-09-28T22:44:01 IST" name="Default suite" finished-at="2021-09-28T22:44:05 IST" duration-ms="4084">
    <groups>
    </groups>
    <test started-at="2021-09-28T22:44:01 IST" name="Default test" finished-at="2021-09-28T22:44:05 IST" duration-ms="4084">
      <class name="RestAssured_BDD">
        <test-method signature="getUsers()[pri:0, instance:RestAssured_BDD@2b91004a]" started-at="2021-09-28T22:44:01 IST" name="getUsers" finished-at="2021-09-28T22:44:05 IST" duration-ms="4006" status="PASS">
          <reporter-output>
          </reporter-output>
        </test-method> <!-- getUsers -->
      </class> <!-- RestAssured_BDD -->
    </test> <!-- Default test -->
  </suite> <!-- Default suite -->
</testng-results>
